ISim log file
Running: /home/rcetin/workspace/ISE_workspace/ha/ha_tb_isim_beh.exe -intstyle ise -gui -tclbatch isim.cmd -wdb /home/rcetin/workspace/ISE_workspace/ha/ha_tb_isim_beh.wdb 
ISim P.20131013 (signature 0xfbc00daa)
----------------------------------------------------------------------
INFO:Security:51 - The XILINXD_LICENSE_FILE environment variable is not set.
INFO:Security:53 - The LM_LICENSE_FILE environment variable is not set.
INFO:Security:68a - user is rcetin, on host unknown.
WARNING:Security:43 - No license file was found in the standard Xilinx license directory.
WARNING:Security:44 - Since no license file was found,
       please run the Xilinx License Configuration Manager
       (xlcm or "Manage Xilinx Licenses")
       to assist in obtaining a license.
ERROR:Security:14 - No feature was available for 'ISIM'.

No such feature exists.
Feature:       ISIM
License path:  /home/rcetin/.Xilinx/*.lic:/opt/Xilinx/14.7/ISE_DS/ISE//data/*.lic:/opt/Xilinx/14.7/ISE_DS/ISE//coregen/core_licenses/Xilinx.lic:/opt/Xilinx/14.7/ISE_DS/ISE//coregen/core_licenses/XilinxFree.lic:
FLEXnet Licensing error:-5,357
For further information, refer to the FLEXnet Licensing documentation,
available at "www.flexerasoftware.com".
----------------------------------------------------------------------
WARNING: A full ISim License cannot be checked out due to the issues listed above. Please use Xilinx License Configuration Manager to fix these issues in order to check out a full ISim license.
WARNING: ISim will run in Lite mode. Please refer to the ISim documentation for more information on the differences between the Lite and the Full version.
This is a Lite version of ISim.
Time resolution is 1 fs
# onerror resume
# wave add /
# run 1000 ns
Simulator is doing circuit initialization process.
                   0 << Starting the Simulation >>
Finished circuit initialization process.
time=0.000 ns, a=0, b=0, Sum= x, Cout=x

time=2.000 ns, a=0, b=0, Sum= x, Cout=0

time=34.770 ns, a=0, b=0, Sum= 0, Cout=0

time=400.000 ns, a=1, b=0, Sum= 0, Cout=0

time=434.770 ns, a=1, b=0, Sum= 1, Cout=0

time=600.000 ns, a=1, b=1, Sum= 1, Cout=0

time=602.000 ns, a=1, b=1, Sum= 1, Cout=1

time=634.770 ns, a=1, b=1, Sum= 0, Cout=1

# exit 0
