Running: /opt/Xilinx/14.7/ISE_DS/ISE/bin/lin64/unwrapped/fuse -intstyle ise -incremental -lib unisims_ver -lib unimacro_ver -lib xilinxcorelib_ver -lib secureip -o /home/rcetin/workspace/ISE_workspace/brent32/brent32_tb_isim_beh.exe -prj /home/rcetin/workspace/ISE_workspace/brent32/brent32_tb_beh.prj work.brent32_tb work.glbl 
ISim P.20131013 (signature 0xfbc00daa)
Number of CPUs detected in this system: 8
Turning on mult-threading, number of parallel sub-compilation jobs: 16 
Determining compilation order of HDL files
Analyzing Verilog file "/home/rcetin/workspace/ISE_workspace/brent32/brent32.v" into library work
Analyzing Verilog file "/home/rcetin/workspace/ISE_workspace/brent32/brent32_tb.v" into library work
Analyzing Verilog file "/opt/Xilinx/14.7/ISE_DS/ISE//verilog/src/glbl.v" into library work
Starting static elaboration
Completed static elaboration
Fuse Memory Usage: 94876 KB
Fuse CPU Usage: 1030 ms
Compiling module bit_propagate_generate
Compiling module group_propagate_generate
Compiling module calculate_carry
Compiling module sum_block
Compiling module brent32
Compiling module brent32_tb
Compiling module glbl
Time Resolution for simulation is 1fs.
Waiting for 1 sub-compilation(s) to finish...
Compiled 7 Verilog Units
Built simulation executable /home/rcetin/workspace/ISE_workspace/brent32/brent32_tb_isim_beh.exe
Fuse Memory Usage: 1179348 KB
Fuse CPU Usage: 1050 ms
GCC CPU Usage: 380 ms
