ISim log file
Running: /home/rcetin/workspace/ISE_workspace/sklansky32/sklansky32_tb_isim_beh.exe -intstyle ise -gui -tclbatch isim.cmd -wdb /home/rcetin/workspace/ISE_workspace/sklansky32/sklansky32_tb_isim_beh.wdb 
ISim P.20131013 (signature 0xfbc00daa)
WARNING: A WEBPACK license was found.
WARNING: Please use Xilinx License Configuration Manager to check out a full ISim license.
WARNING: ISim will run in Lite mode. Please refer to the ISim documentation for more information on the differences between the Lite and the Full version.
This is a Lite version of ISim.
Time resolution is 1 fs
# onerror resume
# wave add /
# run 1000 ns
Simulator is doing circuit initialization process.
                   0 << Starting the Simulation >>
Finished circuit initialization process.
time=0.000 ps, A=00000000000000000000000000000000, B=00000000000000000000000000000000, Cin=0 : Sum= 00000000000000000000000000000000, Cout=0

time=50000.000 ps, A=00000000000111110000000000011111, B=00000000000001100000000000001100, Cin=0 : Sum= 00000000001001010000000000101011, Cout=0

time=100000.000 ps, A=00001101000111110000000000011111, B=00000000000001100000111011101100, Cin=0 : Sum= 00001101001001010000111100001011, Cout=0

time=150000.000 ps, A=11110001100111110000000000011111, B=00000001111001100000111011101100, Cin=0 : Sum= 11110011100001010000111100001011, Cout=0

time=200000.000 ps, A=11111111111111111111111111111111, B=00000000000000000000000000000000, Cin=1 : Sum= 00000000000000000000000000000000, Cout=1

time=250000.000 ps, A=11111111111111111111111111111111, B=00000000000000000000000000000000, Cin=0 : Sum= 11111111111111111111111111111111, Cout=0

