Command line:
   fa16_tb_isim_beh.exe
     -simmode  gui
     -simrunnum  0
     -socket  33325

Sun Apr  1 18:08:10 2018


 Elaboration Time: 0.02 sec

 Current Memory Usage: 196.182 Meg

 Total Signals          : 311
 Total Nets             : 126
 Total Signal Drivers   : 88
 Total Blocks           : 55
 Total Primitive Blocks : 33
 Total Processes        : 91
 Total Traceable Variables  : 21
 Total Scalar Nets and Variables : 239
Total Line Count : 23

 Total Simulation Time: 0.03 sec

 Current Memory Usage: 271.684 Meg

Sun Apr  1 18:09:46 2018

