Command line:
   brent32_tb_isim_beh.exe
     -simmode  gui
     -simrunnum  0
     -socket  51071

Sun Apr 15 02:18:40 2018


 Elaboration Time: 0.01 sec

 Current Memory Usage: 197.374 Meg

 Total Signals          : 700
 Total Nets             : 410
 Total Signal Drivers   : 278
 Total Blocks           : 125
 Total Primitive Blocks : 123
 Total Processes        : 281
 Total Traceable Variables  : 21
 Total Scalar Nets and Variables : 555
Total Line Count : 23

 Total Simulation Time: 0.02 sec

 Current Memory Usage: 272.876 Meg

Sun Apr 15 02:18:49 2018

