Command line:
   ha_tb_isim_beh.exe
     -simmode  gui
     -simrunnum  0
     -socket  54983

Sun Apr  1 17:53:40 2018


 Elaboration Time: 0.01 sec

 Current Memory Usage: 195.895 Meg

 Total Signals          : 19
 Total Nets             : 17
 Total Signal Drivers   : 9
 Total Blocks           : 3
 Total Primitive Blocks : 2
 Total Processes        : 12
 Total Traceable Variables  : 20
 Total Scalar Nets and Variables : 99
Total Line Count : 22

 Total Simulation Time: 0.17 sec

 Current Memory Usage: 271.397 Meg

Sun Apr  1 18:00:03 2018

