Command line:
   rca32_tb_isim_beh.exe
     -simmode  gui
     -simrunnum  0
     -socket  35741

Tue Apr  3 22:29:11 2018


 Elaboration Time: 0.01 sec

 Current Memory Usage: 196.719 Meg

 Total Signals          : 597
 Total Nets             : 238
 Total Signal Drivers   : 168
 Total Blocks           : 107
 Total Primitive Blocks : 65
 Total Processes        : 171
 Total Traceable Variables  : 21
 Total Scalar Nets and Variables : 383
Total Line Count : 22

 Total Simulation Time: 0.02 sec

 Current Memory Usage: 272.22 Meg

Tue Apr  3 22:33:26 2018

