Command line:
   csla32_tb_isim_beh.exe
     -simmode  gui
     -simrunnum  0
     -socket  51661

Tue Apr  3 23:30:07 2018


 Elaboration Time: 0.01 sec

 Current Memory Usage: 198.574 Meg

 Total Signals          : 1409
 Total Nets             : 532
 Total Signal Drivers   : 462
 Total Blocks           : 240
 Total Primitive Blocks : 156
 Total Processes        : 465
 Total Traceable Variables  : 21
 Total Scalar Nets and Variables : 677
Total Line Count : 22

 Total Simulation Time: 0.02 sec

 Current Memory Usage: 274.076 Meg

Tue Apr  3 23:46:20 2018

