Running: /opt/Xilinx/14.7/ISE_DS/ISE/bin/lin64/unwrapped/fuse -intstyle ise -incremental -lib unisims_ver -lib unimacro_ver -lib xilinxcorelib_ver -lib secureip -o /home/rcetin/workspace/ISE_workspace/fa16/fa16_tb_isim_beh.exe -prj /home/rcetin/workspace/ISE_workspace/fa16/fa16_tb_beh.prj work.fa16_tb work.glbl 
ISim P.20131013 (signature 0xfbc00daa)
Number of CPUs detected in this system: 8
Turning on mult-threading, number of parallel sub-compilation jobs: 16 
Determining compilation order of HDL files
Analyzing Verilog file "/home/rcetin/workspace/ISE_workspace/fa16/fa16.v" into library work
Analyzing Verilog file "/home/rcetin/workspace/ISE_workspace/fa16/fa16_tb.v" into library work
Analyzing Verilog file "/opt/Xilinx/14.7/ISE_DS/ISE//verilog/src/glbl.v" into library work
Starting static elaboration
Completed static elaboration
Fuse Memory Usage: 94696 KB
Fuse CPU Usage: 1110 ms
Compiling module half_adder
Compiling module full_adder
Compiling module ripple_carry_4_bit
Compiling module ripple_carry_16_bit
Compiling module fa16_tb
Compiling module glbl
Time Resolution for simulation is 1fs.
Waiting for 1 sub-compilation(s) to finish...
Compiled 6 Verilog Units
Built simulation executable /home/rcetin/workspace/ISE_workspace/fa16/fa16_tb_isim_beh.exe
Fuse Memory Usage: 1179172 KB
Fuse CPU Usage: 1120 ms
GCC CPU Usage: 310 ms
