Command line:
   cska32_tb_isim_beh.exe
     -simmode  gui
     -simrunnum  0
     -socket  50379

Tue Apr  3 22:39:51 2018


 Elaboration Time: 0.01 sec

 Current Memory Usage: 197.132 Meg

 Total Signals          : 749
 Total Nets             : 310
 Total Signal Drivers   : 240
 Total Blocks           : 131
 Total Primitive Blocks : 81
 Total Processes        : 243
 Total Traceable Variables  : 21
 Total Scalar Nets and Variables : 455
Total Line Count : 22

 Total Simulation Time: 0.02 sec

 Current Memory Usage: 272.634 Meg

Tue Apr  3 23:10:37 2018

