ISim log file
Running: /home/rcetin/workspace/ISE_workspace/csla32/csla32_tb_isim_beh.exe -intstyle ise -gui -tclbatch isim.cmd -wdb /home/rcetin/workspace/ISE_workspace/csla32/csla32_tb_isim_beh.wdb 
ISim P.20131013 (signature 0xfbc00daa)
----------------------------------------------------------------------
INFO:Security:51 - The XILINXD_LICENSE_FILE environment variable is not set.
INFO:Security:53 - The LM_LICENSE_FILE environment variable is not set.
INFO:Security:68a - user is rcetin, on host unknown.
WARNING:Security:43 - No license file was found in the standard Xilinx license directory.
WARNING:Security:44 - Since no license file was found,
       please run the Xilinx License Configuration Manager
       (xlcm or "Manage Xilinx Licenses")
       to assist in obtaining a license.
ERROR:Security:14 - No feature was available for 'ISIM'.

No such feature exists.
Feature:       ISIM
License path:  /home/rcetin/.Xilinx/*.lic:/opt/Xilinx/14.7/ISE_DS/ISE//data/*.lic:/opt/Xilinx/14.7/ISE_DS/ISE//coregen/core_licenses/Xilinx.lic:/opt/Xilinx/14.7/ISE_DS/ISE//coregen/core_licenses/XilinxFree.lic:
FLEXnet Licensing error:-5,357
For further information, refer to the FLEXnet Licensing documentation,
available at "www.flexerasoftware.com".
----------------------------------------------------------------------
WARNING: A full ISim License cannot be checked out due to the issues listed above. Please use Xilinx License Configuration Manager to fix these issues in order to check out a full ISim license.
WARNING: ISim will run in Lite mode. Please refer to the ISim documentation for more information on the differences between the Lite and the Full version.
This is a Lite version of ISim.
Time resolution is 1 fs
# onerror resume
# wave add /
# run 200ns
Simulator is doing circuit initialization process.
                   0 << Starting the Simulation >>
Finished circuit initialization process.
time=0.000 ps, A=00000000000000000000000000000000, B=00000000000000000000000000000000, Cin=0 : Sum= 00000000000000000000000000000000, Cout=0

time=50000.000 ps, A=00000000000111110000000000011111, B=00000000000001100000000000001100, Cin=0 : Sum= 00000000001001010000000000101011, Cout=0

time=100000.000 ps, A=11111111111111111111111111111111, B=00000000000000000000000000000000, Cin=1 : Sum= 00000000000000000000000000000000, Cout=1

time=150000.000 ps, A=11111111111111111111111111111111, B=00000000000000000000000000000000, Cin=0 : Sum= 11111111111111111111111111111111, Cout=0

# exit 0
