Running: /opt/Xilinx/14.7/ISE_DS/ISE/bin/lin64/unwrapped/fuse -intstyle ise -incremental -lib unisims_ver -lib unimacro_ver -lib xilinxcorelib_ver -lib secureip -o /home/rcetin/workspace/ISE_workspace/cia32/cia32_tb_isim_beh.exe -prj /home/rcetin/workspace/ISE_workspace/cia32/cia32_tb_beh.prj work.cia32_tb work.glbl 
ISim P.20131013 (signature 0xfbc00daa)
Number of CPUs detected in this system: 8
Turning on mult-threading, number of parallel sub-compilation jobs: 16 
Determining compilation order of HDL files
Analyzing Verilog file "/home/rcetin/workspace/ISE_workspace/cia32/cia32.v" into library work
Analyzing Verilog file "/home/rcetin/workspace/ISE_workspace/cia32/cia32_tb.v" into library work
Analyzing Verilog file "/opt/Xilinx/14.7/ISE_DS/ISE//verilog/src/glbl.v" into library work
Starting static elaboration
Completed static elaboration
Fuse Memory Usage: 94712 KB
Fuse CPU Usage: 1020 ms
Compiling module half_adder
Compiling module full_adder
Compiling module ripple_carry_4_bit
Compiling module carry_increment_4_bit
Compiling module carry_increment_32_bit
Compiling module cia32_tb
Compiling module glbl
Time Resolution for simulation is 1fs.
Waiting for 1 sub-compilation(s) to finish...
Compiled 7 Verilog Units
Built simulation executable /home/rcetin/workspace/ISE_workspace/cia32/cia32_tb_isim_beh.exe
Fuse Memory Usage: 1179192 KB
Fuse CPU Usage: 1050 ms
GCC CPU Usage: 340 ms
